{"total": {"lines":{"total":3205,"covered":2647,"skipped":0,"pct":82.58},"statements":{"total":3545,"covered":2864,"skipped":0,"pct":80.78},"functions":{"total":1014,"covered":779,"skipped":0,"pct":76.82},"branches":{"total":2487,"covered":1923,"skipped":0,"pct":77.32},"branchesTrue":{"total":0,"covered":0,"skipped":0,"pct":100}}
,"/Users/seungyong/projects/podo-budget/.worktrees/cr411/frontend/src/api/admin.ts": {"lines":{"total":5,"covered":5,"skipped":0,"pct":100},"functions":{"total":4,"covered":4,"skipped":0,"pct":100},"statements":{"total":5,"covered":5,"skipped":0,"pct":100},"branches":{"total":4,"covered":3,"skipped":0,"pct":75}}
,"/Users/seungyong/projects/podo-budget/.worktrees/cr411/frontend/src/api/assets.ts": {"lines":{"total":14,"covered":14,"skipped":0,"pct":100},"functions":{"total":13,"covered":13,"skipped":0,"pct":100},"statements":{"total":14,"covered":14,"skipped":0,"pct":100},"branches":{"total":4,"covered":3,"skipped":0,"pct":75}}
,"/Users/seungyong/projects/podo-budget/.worktrees/cr411/frontend/src/api/auth.ts": {"lines":{"total":3,"covered":3,"skipped":0,"pct":100},"functions":{"total":1,"covered":1,"skipped":0,"pct":100},"statements":{"total":3,"covered":3,"skipped":0,"pct":100},"branches":{"total":0,"covered":0,"skipped":0,"pct":100}}
,"/Users/seungyong/projects/podo-budget/.worktrees/cr411/frontend/src/api/budgets.ts": {"lines":{"total":19,"covered":18,"skipped":0,"pct":94.73},"functions":{"total":9,"covered":8,"skipped":0,"pct":88.88},"statements":{"total":19,"covered":18,"skipped":0,"pct":94.73},"branches":{"total":0,"covered":0,"skipped":0,"pct":100}}
,"/Users/seungyong/projects/podo-budget/.worktrees/cr411/frontend/src/api/categories.ts": {"lines":{"total":6,"covered":5,"skipped":0,"pct":83.33},"functions":{"total":5,"covered":4,"skipped":0,"pct":80},"statements":{"total":6,"covered":5,"skipped":0,"pct":83.33},"branches":{"total":0,"covered":0,"skipped":0,"pct":100}}
,"/Users/seungyong/projects/podo-budget/.worktrees/cr411/frontend/src/api/chat.ts": {"lines":{"total":2,"covered":2,"skipped":0,"pct":100},"functions":{"total":1,"covered":1,"skipped":0,"pct":100},"statements":{"total":2,"covered":2,"skipped":0,"pct":100},"branches":{"total":2,"covered":2,"skipped":0,"pct":100}}
,"/Users/seungyong/projects/podo-budget/.worktrees/cr411/frontend/src/api/client.ts": {"lines":{"total":23,"covered":20,"skipped":0,"pct":86.95},"functions":{"total":4,"covered":3,"skipped":0,"pct":75},"statements":{"total":26,"covered":21,"skipped":0,"pct":80.76},"branches":{"total":22,"covered":17,"skipped":0,"pct":77.27}}
,"/Users/seungyong/projects/podo-budget/.worktrees/cr411/frontend/src/api/expenses.ts": {"lines":{"total":11,"covered":8,"skipped":0,"pct":72.72},"functions":{"total":8,"covered":7,"skipped":0,"pct":87.5},"statements":{"total":11,"covered":8,"skipped":0,"pct":72.72},"branches":{"total":2,"covered":0,"skipped":0,"pct":0}}
,"/Users/seungyong/projects/podo-budget/.worktrees/cr411/frontend/src/api/feedback.ts": {"lines":{"total":5,"covered":5,"skipped":0,"pct":100},"functions":{"total":4,"covered":4,"skipped":0,"pct":100},"statements":{"total":5,"covered":5,"skipped":0,"pct":100},"branches":{"total":0,"covered":0,"skipped":0,"pct":100}}
,"/Users/seungyong/projects/podo-budget/.worktrees/cr411/frontend/src/api/households.ts": {"lines":{"total":29,"covered":29,"skipped":0,"pct":100},"functions":{"total":14,"covered":14,"skipped":0,"pct":100},"statements":{"total":29,"covered":29,"skipped":0,"pct":100},"branches":{"total":0,"covered":0,"skipped":0,"pct":100}}
,"/Users/seungyong/projects/podo-budget/.worktrees/cr411/frontend/src/api/income.ts": {"lines":{"total":8,"covered":8,"skipped":0,"pct":100},"functions":{"total":7,"covered":7,"skipped":0,"pct":100},"statements":{"total":8,"covered":8,"skipped":0,"pct":100},"branches":{"total":4,"covered":4,"skipped":0,"pct":100}}
,"/Users/seungyong/projects/podo-budget/.worktrees/cr411/frontend/src/api/insights.ts": {"lines":{"total":7,"covered":7,"skipped":0,"pct":100},"functions":{"total":5,"covered":5,"skipped":0,"pct":100},"statements":{"total":7,"covered":7,"skipped":0,"pct":100},"branches":{"total":10,"covered":10,"skipped":0,"pct":100}}
,"/Users/seungyong/projects/podo-budget/.worktrees/cr411/frontend/src/api/kakao.ts": {"lines":{"total":3,"covered":3,"skipped":0,"pct":100},"functions":{"total":2,"covered":2,"skipped":0,"pct":100},"statements":{"total":3,"covered":3,"skipped":0,"pct":100},"branches":{"total":0,"covered":0,"skipped":0,"pct":100}}
,"/Users/seungyong/projects/podo-budget/.worktrees/cr411/frontend/src/api/recurring.ts": {"lines":{"total":9,"covered":9,"skipped":0,"pct":100},"functions":{"total":8,"covered":8,"skipped":0,"pct":100},"statements":{"total":9,"covered":9,"skipped":0,"pct":100},"branches":{"total":0,"covered":0,"skipped":0,"pct":100}}
,"/Users/seungyong/projects/podo-budget/.worktrees/cr411/frontend/src/api/telegram.ts": {"lines":{"total":3,"covered":3,"skipped":0,"pct":100},"functions":{"total":2,"covered":2,"skipped":0,"pct":100},"statements":{"total":3,"covered":3,"skipped":0,"pct":100},"branches":{"total":0,"covered":0,"skipped":0,"pct":100}}
,"/Users/seungyong/projects/podo-budget/.worktrees/cr411/frontend/src/components/CategoryBottomSheet.tsx": {"lines":{"total":20,"covered":20,"skipped":0,"pct":100},"functions":{"total":10,"covered":10,"skipped":0,"pct":100},"statements":{"total":24,"covered":24,"skipped":0,"pct":100},"branches":{"total":20,"covered":19,"skipped":0,"pct":95}}
,"/Users/seungyong/projects/podo-budget/.worktrees/cr411/frontend/src/components/CreateHouseholdModal.tsx": {"lines":{"total":22,"covered":22,"skipped":0,"pct":100},"functions":{"total":5,"covered":5,"skipped":0,"pct":100},"statements":{"total":24,"covered":23,"skipped":0,"pct":95.83},"branches":{"total":11,"covered":10,"skipped":0,"pct":90.9}}
,"/Users/seungyong/projects/podo-budget/.worktrees/cr411/frontend/src/components/EmptyState.tsx": {"lines":{"total":2,"covered":2,"skipped":0,"pct":100},"functions":{"total":1,"covered":1,"skipped":0,"pct":100},"statements":{"total":2,"covered":2,"skipped":0,"pct":100},"branches":{"total":11,"covered":11,"skipped":0,"pct":100}}
,"/Users/seungyong/projects/podo-budget/.worktrees/cr411/frontend/src/components/ErrorState.tsx": {"lines":{"total":1,"covered":1,"skipped":0,"pct":100},"functions":{"total":1,"covered":1,"skipped":0,"pct":100},"statements":{"total":1,"covered":1,"skipped":0,"pct":100},"branches":{"total":4,"covered":4,"skipped":0,"pct":100}}
,"/Users/seungyong/projects/podo-budget/.worktrees/cr411/frontend/src/components/FloatingActionButton.tsx": {"lines":{"total":23,"covered":21,"skipped":0,"pct":91.3},"functions":{"total":11,"covered":10,"skipped":0,"pct":90.9},"statements":{"total":28,"covered":25,"skipped":0,"pct":89.28},"branches":{"total":18,"covered":15,"skipped":0,"pct":83.33}}
,"/Users/seungyong/projects/podo-budget/.worktrees/cr411/frontend/src/components/InstallBanner.tsx": {"lines":{"total":10,"covered":8,"skipped":0,"pct":80},"functions":{"total":3,"covered":2,"skipped":0,"pct":66.66},"statements":{"total":11,"covered":9,"skipped":0,"pct":81.81},"branches":{"total":10,"covered":9,"skipped":0,"pct":90}}
,"/Users/seungyong/projects/podo-budget/.worktrees/cr411/frontend/src/components/InviteMemberModal.tsx": {"lines":{"total":28,"covered":28,"skipped":0,"pct":100},"functions":{"total":6,"covered":6,"skipped":0,"pct":100},"statements":{"total":30,"covered":29,"skipped":0,"pct":96.66},"branches":{"total":13,"covered":12,"skipped":0,"pct":92.3}}
,"/Users/seungyong/projects/podo-budget/.worktrees/cr411/frontend/src/components/IosInstallGuide.tsx": {"lines":{"total":10,"covered":9,"skipped":0,"pct":90},"functions":{"total":6,"covered":5,"skipped":0,"pct":83.33},"statements":{"total":13,"covered":11,"skipped":0,"pct":84.61},"branches":{"total":6,"covered":1,"skipped":0,"pct":16.66}}
,"/Users/seungyong/projects/podo-budget/.worktrees/cr411/frontend/src/components/Layout.tsx": {"lines":{"total":34,"covered":32,"skipped":0,"pct":94.11},"functions":{"total":20,"covered":18,"skipped":0,"pct":90},"statements":{"total":47,"covered":43,"skipped":0,"pct":91.48},"branches":{"total":51,"covered":47,"skipped":0,"pct":92.15}}
,"/Users/seungyong/projects/podo-budget/.worktrees/cr411/frontend/src/components/LoadingSpinner.tsx": {"lines":{"total":1,"covered":1,"skipped":0,"pct":100},"functions":{"total":1,"covered":1,"skipped":0,"pct":100},"statements":{"total":1,"covered":1,"skipped":0,"pct":100},"branches":{"total":1,"covered":1,"skipped":0,"pct":100}}
,"/Users/seungyong/projects/podo-budget/.worktrees/cr411/frontend/src/components/MiniCalendar.tsx": {"lines":{"total":12,"covered":12,"skipped":0,"pct":100},"functions":{"total":6,"covered":6,"skipped":0,"pct":100},"statements":{"total":13,"covered":13,"skipped":0,"pct":100},"branches":{"total":20,"covered":20,"skipped":0,"pct":100}}
,"/Users/seungyong/projects/podo-budget/.worktrees/cr411/frontend/src/components/ParsedItemPreviewCard.tsx": {"lines":{"total":19,"covered":7,"skipped":0,"pct":36.84},"functions":{"total":13,"covered":5,"skipped":0,"pct":38.46},"statements":{"total":19,"covered":7,"skipped":0,"pct":36.84},"branches":{"total":16,"covered":7,"skipped":0,"pct":43.75}}
,"/Users/seungyong/projects/podo-budget/.worktrees/cr411/frontend/src/components/PendingRecurring.tsx": {"lines":{"total":5,"covered":5,"skipped":0,"pct":100},"functions":{"total":4,"covered":4,"skipped":0,"pct":100},"statements":{"total":6,"covered":6,"skipped":0,"pct":100},"branches":{"total":10,"covered":10,"skipped":0,"pct":100}}
,"/Users/seungyong/projects/podo-budget/.worktrees/cr411/frontend/src/components/ProtectedRoute.tsx": {"lines":{"total":24,"covered":19,"skipped":0,"pct":79.16},"functions":{"total":7,"covered":4,"skipped":0,"pct":57.14},"statements":{"total":25,"covered":20,"skipped":0,"pct":80},"branches":{"total":22,"covered":17,"skipped":0,"pct":77.27}}
,"/Users/seungyong/projects/podo-budget/.worktrees/cr411/frontend/src/components/PullToRefresh.tsx": {"lines":{"total":80,"covered":75,"skipped":0,"pct":93.75},"functions":{"total":12,"covered":11,"skipped":0,"pct":91.66},"statements":{"total":89,"covered":80,"skipped":0,"pct":89.88},"branches":{"total":42,"covered":37,"skipped":0,"pct":88.09}}
,"/Users/seungyong/projects/podo-budget/.worktrees/cr411/frontend/src/components/RegisterRecurringModal.tsx": {"lines":{"total":36,"covered":23,"skipped":0,"pct":63.88},"functions":{"total":14,"covered":5,"skipped":0,"pct":35.71},"statements":{"total":37,"covered":24,"skipped":0,"pct":64.86},"branches":{"total":35,"covered":26,"skipped":0,"pct":74.28}}
,"/Users/seungyong/projects/podo-budget/.worktrees/cr411/frontend/src/components/Toast.tsx": {"lines":{"total":11,"covered":11,"skipped":0,"pct":100},"functions":{"total":6,"covered":6,"skipped":0,"pct":100},"statements":{"total":12,"covered":12,"skipped":0,"pct":100},"branches":{"total":1,"covered":1,"skipped":0,"pct":100}}
,"/Users/seungyong/projects/podo-budget/.worktrees/cr411/frontend/src/components/TransactionForm.tsx": {"lines":{"total":96,"covered":51,"skipped":0,"pct":53.12},"functions":{"total":31,"covered":15,"skipped":0,"pct":48.38},"statements":{"total":114,"covered":57,"skipped":0,"pct":50},"branches":{"total":105,"covered":62,"skipped":0,"pct":59.04}}
,"/Users/seungyong/projects/podo-budget/.worktrees/cr411/frontend/src/components/TransactionItem.tsx": {"lines":{"total":7,"covered":7,"skipped":0,"pct":100},"functions":{"total":2,"covered":2,"skipped":0,"pct":100},"statements":{"total":7,"covered":7,"skipped":0,"pct":100},"branches":{"total":18,"covered":18,"skipped":0,"pct":100}}
,"/Users/seungyong/projects/podo-budget/.worktrees/cr411/frontend/src/components/WelcomeCard.tsx": {"lines":{"total":14,"covered":14,"skipped":0,"pct":100},"functions":{"total":5,"covered":5,"skipped":0,"pct":100},"statements":{"total":15,"covered":15,"skipped":0,"pct":100},"branches":{"total":8,"covered":8,"skipped":0,"pct":100}}
,"/Users/seungyong/projects/podo-budget/.worktrees/cr411/frontend/src/components/household/InvitationsTab.tsx": {"lines":{"total":7,"covered":7,"skipped":0,"pct":100},"functions":{"total":4,"covered":4,"skipped":0,"pct":100},"statements":{"total":7,"covered":7,"skipped":0,"pct":100},"branches":{"total":12,"covered":10,"skipped":0,"pct":83.33}}
,"/Users/seungyong/projects/podo-budget/.worktrees/cr411/frontend/src/components/household/MembersTab.tsx": {"lines":{"total":6,"covered":5,"skipped":0,"pct":83.33},"functions":{"total":4,"covered":3,"skipped":0,"pct":75},"statements":{"total":6,"covered":5,"skipped":0,"pct":83.33},"branches":{"total":13,"covered":12,"skipped":0,"pct":92.3}}
,"/Users/seungyong/projects/podo-budget/.worktrees/cr411/frontend/src/components/household/SettingsTab.tsx": {"lines":{"total":16,"covered":11,"skipped":0,"pct":68.75},"functions":{"total":7,"covered":5,"skipped":0,"pct":71.42},"statements":{"total":17,"covered":12,"skipped":0,"pct":70.58},"branches":{"total":13,"covered":10,"skipped":0,"pct":76.92}}
,"/Users/seungyong/projects/podo-budget/.worktrees/cr411/frontend/src/components/recurring/FrequencyFields.tsx": {"lines":{"total":10,"covered":5,"skipped":0,"pct":50},"functions":{"total":9,"covered":4,"skipped":0,"pct":44.44},"statements":{"total":10,"covered":5,"skipped":0,"pct":50},"branches":{"total":9,"covered":9,"skipped":0,"pct":100}}
,"/Users/seungyong/projects/podo-budget/.worktrees/cr411/frontend/src/components/recurring/RecurringModal.tsx": {"lines":{"total":13,"covered":12,"skipped":0,"pct":92.3},"functions":{"total":10,"covered":9,"skipped":0,"pct":90},"statements":{"total":13,"covered":12,"skipped":0,"pct":92.3},"branches":{"total":16,"covered":16,"skipped":0,"pct":100}}
,"/Users/seungyong/projects/podo-budget/.worktrees/cr411/frontend/src/components/settings/AppearanceSection.tsx": {"lines":{"total":7,"covered":7,"skipped":0,"pct":100},"functions":{"total":3,"covered":3,"skipped":0,"pct":100},"statements":{"total":7,"covered":7,"skipped":0,"pct":100},"branches":{"total":12,"covered":11,"skipped":0,"pct":91.66}}
,"/Users/seungyong/projects/podo-budget/.worktrees/cr411/frontend/src/components/settings/ChangelogSection.tsx": {"lines":{"total":7,"covered":7,"skipped":0,"pct":100},"functions":{"total":4,"covered":4,"skipped":0,"pct":100},"statements":{"total":8,"covered":8,"skipped":0,"pct":100},"branches":{"total":6,"covered":6,"skipped":0,"pct":100}}
,"/Users/seungyong/projects/podo-budget/.worktrees/cr411/frontend/src/components/settings/MyAccountSection.tsx": {"lines":{"total":100,"covered":63,"skipped":0,"pct":63},"functions":{"total":18,"covered":13,"skipped":0,"pct":72.22},"statements":{"total":106,"covered":68,"skipped":0,"pct":64.15},"branches":{"total":74,"covered":47,"skipped":0,"pct":63.51}}
,"/Users/seungyong/projects/podo-budget/.worktrees/cr411/frontend/src/components/settings/SubPageWrapper.tsx": {"lines":{"total":3,"covered":2,"skipped":0,"pct":66.66},"functions":{"total":2,"covered":1,"skipped":0,"pct":50},"statements":{"total":3,"covered":2,"skipped":0,"pct":66.66},"branches":{"total":0,"covered":0,"skipped":0,"pct":100}}
,"/Users/seungyong/projects/podo-budget/.worktrees/cr411/frontend/src/components/stats/AssetChangeSummary.tsx": {"lines":{"total":16,"covered":15,"skipped":0,"pct":93.75},"functions":{"total":6,"covered":6,"skipped":0,"pct":100},"statements":{"total":18,"covered":16,"skipped":0,"pct":88.88},"branches":{"total":44,"covered":31,"skipped":0,"pct":70.45}}
,"/Users/seungyong/projects/podo-budget/.worktrees/cr411/frontend/src/components/stats/BudgetVsActual.tsx": {"lines":{"total":6,"covered":6,"skipped":0,"pct":100},"functions":{"total":2,"covered":2,"skipped":0,"pct":100},"statements":{"total":7,"covered":6,"skipped":0,"pct":85.71},"branches":{"total":26,"covered":17,"skipped":0,"pct":65.38}}
,"/Users/seungyong/projects/podo-budget/.worktrees/cr411/frontend/src/components/stats/CategoryTopList.tsx": {"lines":{"total":4,"covered":4,"skipped":0,"pct":100},"functions":{"total":2,"covered":2,"skipped":0,"pct":100},"statements":{"total":5,"covered":5,"skipped":0,"pct":100},"branches":{"total":3,"covered":3,"skipped":0,"pct":100}}
,"/Users/seungyong/projects/podo-budget/.worktrees/cr411/frontend/src/components/stats/ChangeIndicator.tsx": {"lines":{"total":12,"covered":12,"skipped":0,"pct":100},"functions":{"total":2,"covered":2,"skipped":0,"pct":100},"statements":{"total":16,"covered":16,"skipped":0,"pct":100},"branches":{"total":15,"covered":15,"skipped":0,"pct":100}}
,"/Users/seungyong/projects/podo-budget/.worktrees/cr411/frontend/src/components/stats/FinancialHealthScore.tsx": {"lines":{"total":12,"covered":7,"skipped":0,"pct":58.33},"functions":{"total":4,"covered":4,"skipped":0,"pct":100},"statements":{"total":19,"covered":11,"skipped":0,"pct":57.89},"branches":{"total":14,"covered":6,"skipped":0,"pct":42.85}}
,"/Users/seungyong/projects/podo-budget/.worktrees/cr411/frontend/src/components/stats/MonthlyHighlights.tsx": {"lines":{"total":30,"covered":30,"skipped":0,"pct":100},"functions":{"total":10,"covered":10,"skipped":0,"pct":100},"statements":{"total":32,"covered":32,"skipped":0,"pct":100},"branches":{"total":24,"covered":23,"skipped":0,"pct":95.83}}
,"/Users/seungyong/projects/podo-budget/.worktrees/cr411/frontend/src/components/stats/PeriodNavigator.tsx": {"lines":{"total":1,"covered":1,"skipped":0,"pct":100},"functions":{"total":1,"covered":1,"skipped":0,"pct":100},"statements":{"total":1,"covered":1,"skipped":0,"pct":100},"branches":{"total":0,"covered":0,"skipped":0,"pct":100}}
,"/Users/seungyong/projects/podo-budget/.worktrees/cr411/frontend/src/components/stats/StructuredInsightsView.tsx": {"lines":{"total":3,"covered":3,"skipped":0,"pct":100},"functions":{"total":3,"covered":3,"skipped":0,"pct":100},"statements":{"total":3,"covered":3,"skipped":0,"pct":100},"branches":{"total":4,"covered":4,"skipped":0,"pct":100}}
,"/Users/seungyong/projects/podo-budget/.worktrees/cr411/frontend/src/components/stats/UnifiedSummaryCards.tsx": {"lines":{"total":15,"covered":14,"skipped":0,"pct":93.33},"functions":{"total":4,"covered":4,"skipped":0,"pct":100},"statements":{"total":17,"covered":15,"skipped":0,"pct":88.23},"branches":{"total":33,"covered":26,"skipped":0,"pct":78.78}}
,"/Users/seungyong/projects/podo-budget/.worktrees/cr411/frontend/src/components/transaction/MonthlyView.tsx": {"lines":{"total":31,"covered":17,"skipped":0,"pct":54.83},"functions":{"total":20,"covered":12,"skipped":0,"pct":60},"statements":{"total":38,"covered":19,"skipped":0,"pct":50},"branches":{"total":23,"covered":21,"skipped":0,"pct":91.3}}
,"/Users/seungyong/projects/podo-budget/.worktrees/cr411/frontend/src/components/transaction/SearchMode.tsx": {"lines":{"total":28,"covered":22,"skipped":0,"pct":78.57},"functions":{"total":23,"covered":17,"skipped":0,"pct":73.91},"statements":{"total":29,"covered":22,"skipped":0,"pct":75.86},"branches":{"total":67,"covered":54,"skipped":0,"pct":80.59}}
,"/Users/seungyong/projects/podo-budget/.worktrees/cr411/frontend/src/contexts/AuthContext.tsx": {"lines":{"total":62,"covered":49,"skipped":0,"pct":79.03},"functions":{"total":20,"covered":15,"skipped":0,"pct":75},"statements":{"total":69,"covered":56,"skipped":0,"pct":81.15},"branches":{"total":23,"covered":15,"skipped":0,"pct":65.21}}
,"/Users/seungyong/projects/podo-budget/.worktrees/cr411/frontend/src/contexts/ThemeContext.tsx": {"lines":{"total":41,"covered":40,"skipped":0,"pct":97.56},"functions":{"total":12,"covered":12,"skipped":0,"pct":100},"statements":{"total":48,"covered":44,"skipped":0,"pct":91.66},"branches":{"total":29,"covered":22,"skipped":0,"pct":75.86}}
,"/Users/seungyong/projects/podo-budget/.worktrees/cr411/frontend/src/contexts/ToastContext.tsx": {"lines":{"total":14,"covered":14,"skipped":0,"pct":100},"functions":{"total":9,"covered":9,"skipped":0,"pct":100},"statements":{"total":18,"covered":18,"skipped":0,"pct":100},"branches":{"total":3,"covered":3,"skipped":0,"pct":100}}
,"/Users/seungyong/projects/podo-budget/.worktrees/cr411/frontend/src/data/changelogs.ts": {"lines":{"total":1,"covered":1,"skipped":0,"pct":100},"functions":{"total":0,"covered":0,"skipped":0,"pct":100},"statements":{"total":1,"covered":1,"skipped":0,"pct":100},"branches":{"total":0,"covered":0,"skipped":0,"pct":100}}
,"/Users/seungyong/projects/podo-budget/.worktrees/cr411/frontend/src/hooks/useBotLinking.ts": {"lines":{"total":34,"covered":32,"skipped":0,"pct":94.11},"functions":{"total":6,"covered":6,"skipped":0,"pct":100},"statements":{"total":36,"covered":34,"skipped":0,"pct":94.44},"branches":{"total":4,"covered":4,"skipped":0,"pct":100}}
,"/Users/seungyong/projects/podo-budget/.worktrees/cr411/frontend/src/hooks/useChangelog.ts": {"lines":{"total":14,"covered":13,"skipped":0,"pct":92.85},"functions":{"total":4,"covered":4,"skipped":0,"pct":100},"statements":{"total":14,"covered":13,"skipped":0,"pct":92.85},"branches":{"total":6,"covered":4,"skipped":0,"pct":66.66}}
,"/Users/seungyong/projects/podo-budget/.worktrees/cr411/frontend/src/hooks/useGoBack.ts": {"lines":{"total":5,"covered":5,"skipped":0,"pct":100},"functions":{"total":2,"covered":2,"skipped":0,"pct":100},"statements":{"total":5,"covered":5,"skipped":0,"pct":100},"branches":{"total":3,"covered":3,"skipped":0,"pct":100}}
,"/Users/seungyong/projects/podo-budget/.worktrees/cr411/frontend/src/hooks/useHouseholdRole.ts": {"lines":{"total":8,"covered":8,"skipped":0,"pct":100},"functions":{"total":2,"covered":2,"skipped":0,"pct":100},"statements":{"total":11,"covered":11,"skipped":0,"pct":100},"branches":{"total":8,"covered":8,"skipped":0,"pct":100}}
,"/Users/seungyong/projects/podo-budget/.worktrees/cr411/frontend/src/hooks/useInstallPrompt.ts": {"lines":{"total":31,"covered":26,"skipped":0,"pct":83.87},"functions":{"total":13,"covered":11,"skipped":0,"pct":84.61},"statements":{"total":36,"covered":28,"skipped":0,"pct":77.77},"branches":{"total":9,"covered":4,"skipped":0,"pct":44.44}}
,"/Users/seungyong/projects/podo-budget/.worktrees/cr411/frontend/src/hooks/useMonthlyTransactions.ts": {"lines":{"total":78,"covered":74,"skipped":0,"pct":94.87},"functions":{"total":23,"covered":19,"skipped":0,"pct":82.6},"statements":{"total":93,"covered":88,"skipped":0,"pct":94.62},"branches":{"total":28,"covered":24,"skipped":0,"pct":85.71}}
,"/Users/seungyong/projects/podo-budget/.worktrees/cr411/frontend/src/hooks/useNaturalInput.ts": {"lines":{"total":109,"covered":106,"skipped":0,"pct":97.24},"functions":{"total":26,"covered":25,"skipped":0,"pct":96.15},"statements":{"total":125,"covered":119,"skipped":0,"pct":95.2},"branches":{"total":51,"covered":40,"skipped":0,"pct":78.43}}
,"/Users/seungyong/projects/podo-budget/.worktrees/cr411/frontend/src/hooks/useTickerSearch.ts": {"lines":{"total":75,"covered":75,"skipped":0,"pct":100},"functions":{"total":16,"covered":16,"skipped":0,"pct":100},"statements":{"total":85,"covered":83,"skipped":0,"pct":97.64},"branches":{"total":31,"covered":29,"skipped":0,"pct":93.54}}
,"/Users/seungyong/projects/podo-budget/.worktrees/cr411/frontend/src/hooks/useTransactionSearch.ts": {"lines":{"total":126,"covered":117,"skipped":0,"pct":92.85},"functions":{"total":27,"covered":24,"skipped":0,"pct":88.88},"statements":{"total":143,"covered":129,"skipped":0,"pct":90.2},"branches":{"total":79,"covered":67,"skipped":0,"pct":84.81}}
,"/Users/seungyong/projects/podo-budget/.worktrees/cr411/frontend/src/pages/AcceptInvitationPage.tsx": {"lines":{"total":51,"covered":42,"skipped":0,"pct":82.35},"functions":{"total":8,"covered":6,"skipped":0,"pct":75},"statements":{"total":53,"covered":44,"skipped":0,"pct":83.01},"branches":{"total":18,"covered":16,"skipped":0,"pct":88.88}}
,"/Users/seungyong/projects/podo-budget/.worktrees/cr411/frontend/src/pages/AccountManager.tsx": {"lines":{"total":45,"covered":41,"skipped":0,"pct":91.11},"functions":{"total":21,"covered":18,"skipped":0,"pct":85.71},"statements":{"total":51,"covered":45,"skipped":0,"pct":88.23},"branches":{"total":18,"covered":16,"skipped":0,"pct":88.88}}
,"/Users/seungyong/projects/podo-budget/.worktrees/cr411/frontend/src/pages/AdminPage.tsx": {"lines":{"total":29,"covered":26,"skipped":0,"pct":89.65},"functions":{"total":7,"covered":5,"skipped":0,"pct":71.42},"statements":{"total":31,"covered":27,"skipped":0,"pct":87.09},"branches":{"total":22,"covered":20,"skipped":0,"pct":90.9}}
,"/Users/seungyong/projects/podo-budget/.worktrees/cr411/frontend/src/pages/AssetDashboard.tsx": {"lines":{"total":97,"covered":71,"skipped":0,"pct":73.19},"functions":{"total":32,"covered":19,"skipped":0,"pct":59.37},"statements":{"total":103,"covered":73,"skipped":0,"pct":70.87},"branches":{"total":111,"covered":88,"skipped":0,"pct":79.27}}
,"/Users/seungyong/projects/podo-budget/.worktrees/cr411/frontend/src/pages/AssetForm.tsx": {"lines":{"total":120,"covered":77,"skipped":0,"pct":64.16},"functions":{"total":60,"covered":28,"skipped":0,"pct":46.66},"statements":{"total":146,"covered":84,"skipped":0,"pct":57.53},"branches":{"total":168,"covered":112,"skipped":0,"pct":66.66}}
,"/Users/seungyong/projects/podo-budget/.worktrees/cr411/frontend/src/pages/AuthCallbackPage.tsx": {"lines":{"total":44,"covered":39,"skipped":0,"pct":88.63},"functions":{"total":8,"covered":8,"skipped":0,"pct":100},"statements":{"total":46,"covered":40,"skipped":0,"pct":86.95},"branches":{"total":24,"covered":17,"skipped":0,"pct":70.83}}
,"/Users/seungyong/projects/podo-budget/.worktrees/cr411/frontend/src/pages/BudgetManager.tsx": {"lines":{"total":104,"covered":89,"skipped":0,"pct":85.57},"functions":{"total":24,"covered":21,"skipped":0,"pct":87.5},"statements":{"total":111,"covered":96,"skipped":0,"pct":86.48},"branches":{"total":91,"covered":72,"skipped":0,"pct":79.12}}
,"/Users/seungyong/projects/podo-budget/.worktrees/cr411/frontend/src/pages/CategoryManager.tsx": {"lines":{"total":98,"covered":71,"skipped":0,"pct":72.44},"functions":{"total":29,"covered":18,"skipped":0,"pct":62.06},"statements":{"total":100,"covered":71,"skipped":0,"pct":71},"branches":{"total":50,"covered":41,"skipped":0,"pct":82}}
,"/Users/seungyong/projects/podo-budget/.worktrees/cr411/frontend/src/pages/ExpenseDetail.tsx": {"lines":{"total":75,"covered":62,"skipped":0,"pct":82.66},"functions":{"total":21,"covered":16,"skipped":0,"pct":76.19},"statements":{"total":79,"covered":63,"skipped":0,"pct":79.74},"branches":{"total":65,"covered":47,"skipped":0,"pct":72.3}}
,"/Users/seungyong/projects/podo-budget/.worktrees/cr411/frontend/src/pages/ExpenseForm.tsx": {"lines":{"total":1,"covered":1,"skipped":0,"pct":100},"functions":{"total":1,"covered":1,"skipped":0,"pct":100},"statements":{"total":1,"covered":1,"skipped":0,"pct":100},"branches":{"total":0,"covered":0,"skipped":0,"pct":100}}
,"/Users/seungyong/projects/podo-budget/.worktrees/cr411/frontend/src/pages/FeedbackPage.tsx": {"lines":{"total":63,"covered":53,"skipped":0,"pct":84.12},"functions":{"total":15,"covered":12,"skipped":0,"pct":80},"statements":{"total":63,"covered":53,"skipped":0,"pct":84.12},"branches":{"total":41,"covered":31,"skipped":0,"pct":75.6}}
,"/Users/seungyong/projects/podo-budget/.worktrees/cr411/frontend/src/pages/GuidePage.tsx": {"lines":{"total":7,"covered":6,"skipped":0,"pct":85.71},"functions":{"total":5,"covered":4,"skipped":0,"pct":80},"statements":{"total":7,"covered":6,"skipped":0,"pct":85.71},"branches":{"total":0,"covered":0,"skipped":0,"pct":100}}
,"/Users/seungyong/projects/podo-budget/.worktrees/cr411/frontend/src/pages/HouseholdDetailPage.tsx": {"lines":{"total":109,"covered":41,"skipped":0,"pct":37.61},"functions":{"total":28,"covered":10,"skipped":0,"pct":35.71},"statements":{"total":121,"covered":41,"skipped":0,"pct":33.88},"branches":{"total":74,"covered":42,"skipped":0,"pct":56.75}}
,"/Users/seungyong/projects/podo-budget/.worktrees/cr411/frontend/src/pages/HouseholdListPage.tsx": {"lines":{"total":41,"covered":34,"skipped":0,"pct":82.92},"functions":{"total":15,"covered":9,"skipped":0,"pct":60},"statements":{"total":43,"covered":36,"skipped":0,"pct":83.72},"branches":{"total":18,"covered":17,"skipped":0,"pct":94.44}}
,"/Users/seungyong/projects/podo-budget/.worktrees/cr411/frontend/src/pages/IncomeDetail.tsx": {"lines":{"total":75,"covered":59,"skipped":0,"pct":78.66},"functions":{"total":21,"covered":13,"skipped":0,"pct":61.9},"statements":{"total":79,"covered":60,"skipped":0,"pct":75.94},"branches":{"total":65,"covered":49,"skipped":0,"pct":75.38}}
,"/Users/seungyong/projects/podo-budget/.worktrees/cr411/frontend/src/pages/IncomeForm.tsx": {"lines":{"total":1,"covered":1,"skipped":0,"pct":100},"functions":{"total":1,"covered":1,"skipped":0,"pct":100},"statements":{"total":1,"covered":1,"skipped":0,"pct":100},"branches":{"total":0,"covered":0,"skipped":0,"pct":100}}
,"/Users/seungyong/projects/podo-budget/.worktrees/cr411/frontend/src/pages/InsightsPage.tsx": {"lines":{"total":82,"covered":72,"skipped":0,"pct":87.8},"functions":{"total":20,"covered":12,"skipped":0,"pct":60},"statements":{"total":92,"covered":76,"skipped":0,"pct":82.6},"branches":{"total":119,"covered":85,"skipped":0,"pct":71.42}}
,"/Users/seungyong/projects/podo-budget/.worktrees/cr411/frontend/src/pages/InvitationListPage.tsx": {"lines":{"total":62,"covered":49,"skipped":0,"pct":79.03},"functions":{"total":16,"covered":12,"skipped":0,"pct":75},"statements":{"total":64,"covered":51,"skipped":0,"pct":79.68},"branches":{"total":35,"covered":28,"skipped":0,"pct":80}}
,"/Users/seungyong/projects/podo-budget/.worktrees/cr411/frontend/src/pages/LoginPage.tsx": {"lines":{"total":53,"covered":15,"skipped":0,"pct":28.3},"functions":{"total":10,"covered":4,"skipped":0,"pct":40},"statements":{"total":65,"covered":21,"skipped":0,"pct":32.3},"branches":{"total":49,"covered":19,"skipped":0,"pct":38.77}}
,"/Users/seungyong/projects/podo-budget/.worktrees/cr411/frontend/src/pages/OnboardingPage.tsx": {"lines":{"total":33,"covered":33,"skipped":0,"pct":100},"functions":{"total":9,"covered":8,"skipped":0,"pct":88.88},"statements":{"total":35,"covered":35,"skipped":0,"pct":100},"branches":{"total":26,"covered":24,"skipped":0,"pct":92.3}}
,"/Users/seungyong/projects/podo-budget/.worktrees/cr411/frontend/src/pages/PrivacyPolicyPage.tsx": {"lines":{"total":1,"covered":1,"skipped":0,"pct":100},"functions":{"total":1,"covered":1,"skipped":0,"pct":100},"statements":{"total":1,"covered":1,"skipped":0,"pct":100},"branches":{"total":0,"covered":0,"skipped":0,"pct":100}}
,"/Users/seungyong/projects/podo-budget/.worktrees/cr411/frontend/src/pages/RecurringList.tsx": {"lines":{"total":101,"covered":92,"skipped":0,"pct":91.08},"functions":{"total":25,"covered":19,"skipped":0,"pct":76},"statements":{"total":105,"covered":95,"skipped":0,"pct":90.47},"branches":{"total":90,"covered":80,"skipped":0,"pct":88.88}}
,"/Users/seungyong/projects/podo-budget/.worktrees/cr411/frontend/src/pages/SettingsPage.tsx": {"lines":{"total":32,"covered":29,"skipped":0,"pct":90.62},"functions":{"total":5,"covered":3,"skipped":0,"pct":60},"statements":{"total":33,"covered":29,"skipped":0,"pct":87.87},"branches":{"total":38,"covered":29,"skipped":0,"pct":76.31}}
,"/Users/seungyong/projects/podo-budget/.worktrees/cr411/frontend/src/pages/TermsOfServicePage.tsx": {"lines":{"total":1,"covered":1,"skipped":0,"pct":100},"functions":{"total":1,"covered":1,"skipped":0,"pct":100},"statements":{"total":1,"covered":1,"skipped":0,"pct":100},"branches":{"total":0,"covered":0,"skipped":0,"pct":100}}
,"/Users/seungyong/projects/podo-budget/.worktrees/cr411/frontend/src/pages/TransactionList.tsx": {"lines":{"total":71,"covered":45,"skipped":0,"pct":63.38},"functions":{"total":22,"covered":11,"skipped":0,"pct":50},"statements":{"total":77,"covered":46,"skipped":0,"pct":59.74},"branches":{"total":48,"covered":28,"skipped":0,"pct":58.33}}
,"/Users/seungyong/projects/podo-budget/.worktrees/cr411/frontend/src/stores/useHouseholdStore.ts": {"lines":{"total":128,"covered":128,"skipped":0,"pct":100},"functions":{"total":30,"covered":30,"skipped":0,"pct":100},"statements":{"total":136,"covered":136,"skipped":0,"pct":100},"branches":{"total":54,"covered":41,"skipped":0,"pct":75.92}}
,"/Users/seungyong/projects/podo-budget/.worktrees/cr411/frontend/src/utils/analytics.ts": {"lines":{"total":19,"covered":19,"skipped":0,"pct":100},"functions":{"total":5,"covered":5,"skipped":0,"pct":100},"statements":{"total":23,"covered":23,"skipped":0,"pct":100},"branches":{"total":10,"covered":10,"skipped":0,"pct":100}}
,"/Users/seungyong/projects/podo-budget/.worktrees/cr411/frontend/src/utils/calendar.ts": {"lines":{"total":28,"covered":28,"skipped":0,"pct":100},"functions":{"total":6,"covered":6,"skipped":0,"pct":100},"statements":{"total":32,"covered":32,"skipped":0,"pct":100},"branches":{"total":4,"covered":4,"skipped":0,"pct":100}}
,"/Users/seungyong/projects/podo-budget/.worktrees/cr411/frontend/src/utils/format.ts": {"lines":{"total":23,"covered":23,"skipped":0,"pct":100},"functions":{"total":5,"covered":5,"skipped":0,"pct":100},"statements":{"total":24,"covered":24,"skipped":0,"pct":100},"branches":{"total":17,"covered":17,"skipped":0,"pct":100}}
,"/Users/seungyong/projects/podo-budget/.worktrees/cr411/frontend/src/utils/healthScore.ts": {"lines":{"total":37,"covered":35,"skipped":0,"pct":94.59},"functions":{"total":1,"covered":1,"skipped":0,"pct":100},"statements":{"total":53,"covered":48,"skipped":0,"pct":90.56},"branches":{"total":50,"covered":44,"skipped":0,"pct":88}}
,"/Users/seungyong/projects/podo-budget/.worktrees/cr411/frontend/src/utils/household.ts": {"lines":{"total":7,"covered":7,"skipped":0,"pct":100},"functions":{"total":3,"covered":3,"skipped":0,"pct":100},"statements":{"total":7,"covered":7,"skipped":0,"pct":100},"branches":{"total":5,"covered":4,"skipped":0,"pct":80}}
,"/Users/seungyong/projects/podo-budget/.worktrees/cr411/frontend/src/utils/recurringUtils.ts": {"lines":{"total":7,"covered":7,"skipped":0,"pct":100},"functions":{"total":1,"covered":1,"skipped":0,"pct":100},"statements":{"total":7,"covered":7,"skipped":0,"pct":100},"branches":{"total":7,"covered":7,"skipped":0,"pct":100}}
,"/Users/seungyong/projects/podo-budget/.worktrees/cr411/frontend/src/utils/sentry.ts": {"lines":{"total":7,"covered":7,"skipped":0,"pct":100},"functions":{"total":3,"covered":3,"skipped":0,"pct":100},"statements":{"total":8,"covered":8,"skipped":0,"pct":100},"branches":{"total":8,"covered":7,"skipped":0,"pct":87.5}}
,"/Users/seungyong/projects/podo-budget/.worktrees/cr411/frontend/src/utils/transactionUtils.ts": {"lines":{"total":26,"covered":26,"skipped":0,"pct":100},"functions":{"total":6,"covered":6,"skipped":0,"pct":100},"statements":{"total":33,"covered":33,"skipped":0,"pct":100},"branches":{"total":10,"covered":10,"skipped":0,"pct":100}}
}
